<?xml version="1.0" encoding="UTF-8"?>
<!-- Generated by org.testng.reporters.JUnitReportReporter -->
<testsuite skipped="0" hostname="DESKTOP-VOP3N7O" name="com.gmail.delta4815162342.Cursovaia" tests="1" failures="0" timestamp="03 Oct 2018 08:51:31 GMT" time="4.809" errors="0">
  <testcase name="addEventTest" time="4.809" classname="com.gmail.delta4815162342.Cursovaia"/>
</testsuite> <!-- com.gmail.delta4815162342.Cursovaia -->
